<?xml version="1.0" encoding="UTF-8"?>
<testng-results ignored="0" total="2" passed="2" failed="0" skipped="0">
  <reporter-output>
  </reporter-output>
  <suite started-at="2024-10-29T15:04:54 IST" name="Suite" finished-at="2024-10-29T15:05:04 IST" duration-ms="9878">
    <groups>
    </groups>
    <test started-at="2024-10-29T15:04:54 IST" name="Test" finished-at="2024-10-29T15:05:04 IST" duration-ms="9878">
      <class name="Airlines.AirlineTest">
        <test-method signature="createairline()[pri:0, instance:Airlines.AirlineTest@1677d1]" started-at="2024-10-29T15:04:55 IST" name="createairline" finished-at="2024-10-29T15:05:03 IST" duration-ms="8106" status="PASS">
          <reporter-output>
          </reporter-output>
        </test-method> <!-- createairline -->
        <test-method signature="getAirlines()[pri:0, instance:Airlines.AirlineTest@1677d1]" started-at="2024-10-29T15:05:03 IST" name="getAirlines" finished-at="2024-10-29T15:05:04 IST" duration-ms="858" status="PASS">
          <reporter-output>
          </reporter-output>
        </test-method> <!-- getAirlines -->
      </class> <!-- Airlines.AirlineTest -->
    </test> <!-- Test -->
  </suite> <!-- Suite -->
</testng-results>
