<?xml version="1.0" encoding="UTF-8"?>
<testsuite xmlns:xsi="http://www.w3.org/2001/XMLSchema-instance" xsi:noNamespaceSchemaLocation="https://maven.apache.org/surefire/maven-surefire-plugin/xsd/surefire-test-report-3.0.xsd" version="3.0" name="TestSuite" time="12.209" tests="2" errors="0" skipped="0" failures="1">
  <properties>
[...]
</properties>
  <testcase name="createairline" classname="Airlines.AirlineTest" time="4.379">
    <failure message="expected [300] but found [200]" type="java.lang.AssertionError"><![CDATA[java.lang.AssertionError: expected [300] but found [200]
	at org.testng.Assert.fail(Assert.java:111)
	at org.testng.Assert.failNotEquals(Assert.java:1578)
	at org.testng.Assert.assertEqualsImpl(Assert.java:150)
	at org.testng.Assert.assertEquals(Assert.java:132)
	at org.testng.Assert.assertEquals(Assert.java:1419)
	at org.testng.Assert.assertEquals(Assert.java:1383)
	at org.testng.Assert.assertEquals(Assert.java:1429)
	at Airlines.AirlineTest.createairline(AirlineTest.java:30)
	at java.base/jdk.internal.reflect.NativeMethodAccessorImpl.invoke0(Native Method)
	at java.base/jdk.internal.reflect.NativeMethodAccessorImpl.invoke(NativeMethodAccessorImpl.java:62)
	at java.base/jdk.internal.reflect.DelegatingMethodAccessorImpl.invoke(DelegatingMethodAccessorImpl.java:43)
	at java.base/java.lang.reflect.Method.invoke(Method.java:567)
	at org.testng.internal.invokers.MethodInvocationHelper.invokeMethod(MethodInvocationHelper.java:141)
	at org.testng.internal.invokers.TestInvoker.invokeMethod(TestInvoker.java:686)
	at org.testng.internal.invokers.TestInvoker.invokeTestMethod(TestInvoker.java:230)
	at org.testng.internal.invokers.MethodRunner.runInSequence(MethodRunner.java:63)
	at org.testng.internal.invokers.TestInvoker$MethodInvocationAgent.invoke(TestInvoker.java:992)
	at org.testng.internal.invokers.TestInvoker.invokeTestMethods(TestInvoker.java:203)
	at org.testng.internal.invokers.TestMethodWorker.invokeTestMethods(TestMethodWorker.java:154)
	at org.testng.internal.invokers.TestMethodWorker.run(TestMethodWorker.java:134)
	at java.base/java.util.ArrayList.forEach(ArrayList.java:1507)
	at org.testng.TestRunner.privateRun(TestRunner.java:739)
	at org.testng.TestRunner.run(TestRunner.java:614)
	at org.testng.SuiteRunner.runTest(SuiteRunner.java:421)
	at org.testng.SuiteRunner.runSequentially(SuiteRunner.java:413)
	at org.testng.SuiteRunner.privateRun(SuiteRunner.java:373)
	at org.testng.SuiteRunner.run(SuiteRunner.java:312)
	at org.testng.SuiteRunnerWorker.runSuite(SuiteRunnerWorker.java:52)
	at org.testng.SuiteRunnerWorker.run(SuiteRunnerWorker.java:95)
	at org.testng.TestNG.runSuitesSequentially(TestNG.java:1274)
	at org.testng.TestNG.runSuitesLocally(TestNG.java:1208)
	at org.testng.TestNG.runSuites(TestNG.java:1112)
	at org.testng.TestNG.run(TestNG.java:1079)
	at org.apache.maven.surefire.testng.TestNGExecutor.run(TestNGExecutor.java:308)
	at org.apache.maven.surefire.testng.TestNGXmlTestSuite.execute(TestNGXmlTestSuite.java:71)
	at org.apache.maven.surefire.testng.TestNGProvider.invoke(TestNGProvider.java:113)
	at org.apache.maven.surefire.booter.ForkedBooter.runSuitesInProcess(ForkedBooter.java:385)
	at org.apache.maven.surefire.booter.ForkedBooter.execute(ForkedBooter.java:162)
	at org.apache.maven.surefire.booter.ForkedBooter.run(ForkedBooter.java:507)
	at org.apache.maven.surefire.booter.ForkedBooter.main(ForkedBooter.java:495)
]]></failure>
    <system-out><![CDATA[Resposne status code is 200
Response headers are Server=nginx/1.24.0 (Ubuntu)
Date=Fri, 25 Oct 2024 08:57:38 GMT
Content-Type=application/json; charset=utf-8
Content-Length=177
Connection=keep-alive
X-Powered-By=Express
Access-Control-Allow-Origin=*
ETag=W/"b1-JpVynFcYEZFRJofr6Wg5ZMilzII"
{
    "_id": "d510f81f-0c38-48af-8bee-8404dd30ac05",
    "name": "Claudie",
    "country": "Grenada",
    "logo": "HWafGy",
    "slogan": "gLFSJS",
    "website": "https://WNzcpJ.com",
    "established": "1955",
    "__v": 0
}
Response headers are {
    "_id": "d510f81f-0c38-48af-8bee-8404dd30ac05",
    "name": "Claudie",
    "country": "Grenada",
    "logo": "HWafGy",
    "slogan": "gLFSJS",
    "website": "https://WNzcpJ.com",
    "established": "1955",
    "__v": 0
}
{
    "_id": "d510f81f-0c38-48af-8bee-8404dd30ac05",
    "name": "Claudie",
    "country": "Grenada",
    "logo": "HWafGy",
    "slogan": "gLFSJS",
    "website": "https://WNzcpJ.com",
    "established": "1955",
    "__v": 0
}
]]></system-out>
    <system-err><![CDATA[SLF4J: Failed to load class "org.slf4j.impl.StaticLoggerBinder".
SLF4J: Defaulting to no-operation (NOP) logger implementation
SLF4J: See http://www.slf4j.org/codes.html#StaticLoggerBinder for further details.
]]></system-err>
  </testcase>
  <testcase name="getAirlines" classname="Airlines.AirlineTest" time="0.792">
    <system-out><![CDATA[Resposne status code is 200
Response headers are Server=nginx/1.24.0 (Ubuntu)
Date=Fri, 25 Oct 2024 08:57:39 GMT
Content-Type=application/json; charset=utf-8
Content-Length=184
Connection=keep-alive
X-Powered-By=Express
Access-Control-Allow-Origin=*
ETag=W/"b8-XF5737JvdepCyHqmLK+ptQjbbc0"
{
    "_id": "a07efab2-9ee4-4b9b-8c8a-c732fe3b08d8",
    "name": "Virgilio",
    "country": "French Guiana",
    "logo": "jhhZFN",
    "slogan": "vkjZZE",
    "website": "https://ARNnet.com",
    "established": "1906",
    "__v": 0
}
Response headers are {
    "_id": "a07efab2-9ee4-4b9b-8c8a-c732fe3b08d8",
    "name": "Virgilio",
    "country": "French Guiana",
    "logo": "jhhZFN",
    "slogan": "vkjZZE",
    "website": "https://ARNnet.com",
    "established": "1906",
    "__v": 0
}
{
    "_id": "a07efab2-9ee4-4b9b-8c8a-c732fe3b08d8",
    "name": "Virgilio",
    "country": "French Guiana",
    "logo": "jhhZFN",
    "slogan": "vkjZZE",
    "website": "https://ARNnet.com",
    "established": "1906",
    "__v": 0
}
]]></system-out>
  </testcase>
</testsuite>