<?xml version="1.0" encoding="UTF-8"?>
<testng-results ignored="0" total="2" passed="2" failed="0" skipped="0">
  <reporter-output>
  </reporter-output>
  <suite started-at="2024-10-25T13:01:15 IST" name="Suite" finished-at="2024-10-25T13:01:24 IST" duration-ms="9139">
    <groups>
    </groups>
    <test started-at="2024-10-25T13:01:15 IST" name="Test" finished-at="2024-10-25T13:01:24 IST" duration-ms="9139">
      <class name="Airlines.AirlineTest">
        <test-method signature="createairline()[pri:0, instance:Airlines.AirlineTest@1677d1]" started-at="2024-10-25T13:01:15 IST" name="createairline" finished-at="2024-10-25T13:01:23 IST" duration-ms="7563" status="PASS">
          <reporter-output>
          </reporter-output>
        </test-method> <!-- createairline -->
        <test-method signature="getAirlines()[pri:0, instance:Airlines.AirlineTest@1677d1]" started-at="2024-10-25T13:01:23 IST" name="getAirlines" finished-at="2024-10-25T13:01:24 IST" duration-ms="793" status="PASS">
          <reporter-output>
          </reporter-output>
        </test-method> <!-- getAirlines -->
      </class> <!-- Airlines.AirlineTest -->
    </test> <!-- Test -->
  </suite> <!-- Suite -->
</testng-results>
